<?xml version="1.0" encoding="UTF-8"?>
<!-- Generated by org.testng.reporters.JUnitXMLReporter -->
<testsuite ignored="0" hostname="DHOOT" failures="0" tests="3" name="Default test" time="10.738" errors="0" timestamp="2021-05-19T23:14:09 EDT">
  <testcase classname="testcases.TC_003_DataWithDataProvider" name="tc_001_AddBooks" time="9.043"/>
  <testcase classname="testcases.TC_003_DataWithDataProvider" name="tc_001_AddBooks" time="0.774"/>
  <testcase classname="testcases.TC_003_DataWithDataProvider" name="tc_001_AddBooks" time="0.741"/>
</testsuite> <!-- Default test -->
