<?xml version="1.0" encoding="UTF-8"?>
<testng-results ignored="0" total="1" passed="1" failed="0" skipped="0">
  <reporter-output>
  </reporter-output>
  <suite started-at="2021-05-19T19:48:21 EDT" name="Default suite" finished-at="2021-05-19T19:48:26 EDT" duration-ms="5027">
    <groups>
    </groups>
    <test started-at="2021-05-19T19:48:21 EDT" name="Default test" finished-at="2021-05-19T19:48:26 EDT" duration-ms="5027">
      <class name="testcases.TC_002_LibraryApiTesting">
        <test-method signature="tc_001_AddBookToLibrary()[pri:0, instance:testcases.TC_002_LibraryApiTesting@4e096385]" started-at="2021-05-19T19:48:21 EDT" name="tc_001_AddBookToLibrary" finished-at="2021-05-19T19:48:26 EDT" duration-ms="4948" status="PASS">
          <reporter-output>
          </reporter-output>
        </test-method> <!-- tc_001_AddBookToLibrary -->
      </class> <!-- testcases.TC_002_LibraryApiTesting -->
    </test> <!-- Default test -->
  </suite> <!-- Default suite -->
</testng-results>
